-------------------------------------------------------------------------------
Test set: com.vytrack.runners.CukesRunner
-------------------------------------------------------------------------------
Tests run: 3, Failures: 2, Errors: 0, Skipped: 0, Time elapsed: 80.811 s <<< FAILURE! - in com.vytrack.runners.CukesRunner
Driver user(Account types)  Time elapsed: 31.673 s  <<< FAILURE!
java.lang.AssertionError

Sales manager user(Account types)  Time elapsed: 30.517 s  <<< FAILURE!
java.lang.AssertionError

